2022-02-20 15:48:14,789 [Worker-0: Loading available Gradle versions] INFO  o.e.b.c.i.u.g.PublishedGradleVersions - Gradle version information cache is out-of-date. Trying to update.
2022-02-21 19:03:11,051 [Worker-9: Importing Maven projects] INFO  o.e.m.c.i.l.LifecycleMappingFactory - Using org.eclipse.m2e.jdt.JarLifecycleMapping lifecycle mapping for MavenProject: com.pall.sizing.itv:pall-sizing-itv:0.0.1-SNAPSHOT @ C:\Users\Mobile Programming\Desktop\pallcorporationitv_backend\pom.xml.
2022-02-21 19:03:12,886 [Worker-9: Importing Maven projects] WARN  o.e.m.c.i.embedder.EclipseLogger - The POM for com.pall.pas:pas-client:jar:1.0.2 is missing, no dependency information available
2022-02-21 19:03:13,975 [Worker-9: Importing Maven projects] INFO  o.e.m.j.i.AbstractJavaProjectConfigurator - Adding source folder /pall-sizing-itv/src/main/java
2022-02-21 19:03:13,975 [Worker-9: Importing Maven projects] INFO  o.e.m.j.i.AbstractJavaProjectConfigurator - Adding resource folder /pall-sizing-itv/src/main/resources
2022-02-21 19:03:13,981 [Worker-9: Importing Maven projects] INFO  o.e.m.j.i.AbstractJavaProjectConfigurator - Adding resource folder /pall-sizing-itv/src/main/resources
2022-02-21 19:03:13,982 [Worker-9: Importing Maven projects] INFO  o.e.m.j.i.AbstractJavaProjectConfigurator - Adding source folder /pall-sizing-itv/src/test/java
2022-02-21 19:03:17,127 [Worker-9: Importing Maven projects] INFO  o.e.m.c.i.p.ProjectConfigurationManager - Imported and configured 1 project(s) in 9 sec
2022-02-21 19:03:19,523 [Worker-0: Building] WARN  o.e.m.c.i.embedder.EclipseLogger - The POM for com.pall.pas:pas-client:jar:1.0.2 is missing, no dependency information available
2022-02-21 19:03:19,610 [Worker-0: Building] INFO  o.e.m.c.i.embedder.EclipseLogger - Using 'UTF-8' encoding to copy filtered resources.
2022-02-21 19:03:19,614 [Worker-0: Building] INFO  o.e.m.c.i.embedder.EclipseLogger - Copying 2 resources
2022-02-21 19:03:19,646 [Worker-0: Building] INFO  o.e.m.c.i.embedder.EclipseLogger - Copying 33 resources
2022-02-21 19:03:19,878 [Worker-0: Building] INFO  o.e.m.c.i.embedder.EclipseLogger - Using 'UTF-8' encoding to copy filtered resources.
2022-02-21 19:03:19,878 [Worker-0: Building] INFO  o.e.m.c.i.embedder.EclipseLogger - skip non existing resourceDirectory C:\Users\Mobile Programming\Desktop\pallcorporationitv_backend\src\test\resources
2022-02-21 19:03:45,385 [Worker-15: Loading available Gradle versions] INFO  o.e.b.c.i.u.g.PublishedGradleVersions - Gradle version information cache is out-of-date. Trying to update.
2022-02-21 19:04:19,998 [Worker-4: Building] INFO  o.e.m.c.i.embedder.EclipseLogger - Using 'UTF-8' encoding to copy filtered resources.
2022-02-21 19:04:19,998 [Worker-4: Building] INFO  o.e.m.c.i.embedder.EclipseLogger - Copying 0 resource
2022-02-21 19:04:19,998 [Worker-4: Building] INFO  o.e.m.c.i.embedder.EclipseLogger - Copying 0 resource
2022-02-21 19:04:19,998 [Worker-4: Building] INFO  o.e.m.c.i.embedder.EclipseLogger - Using 'UTF-8' encoding to copy filtered resources.
2022-02-21 19:04:19,998 [Worker-4: Building] INFO  o.e.m.c.i.embedder.EclipseLogger - skip non existing resourceDirectory C:\Users\Mobile Programming\Desktop\pallcorporationitv_backend\src\test\resources
2022-02-21 19:05:35,204 [Worker-20: Launching Executing clean in C__Users_Mobile Programming_Desktop_pallcorporationitv_backend] INFO  o.e.m.i.launch.MavenLaunchDelegate - C:\Users\Mobile Programming\Desktop\pallcorporationitv_backend
2022-02-21 19:05:35,205 [Worker-20: Launching Executing clean in C__Users_Mobile Programming_Desktop_pallcorporationitv_backend] INFO  o.e.m.i.launch.MavenLaunchDelegate -  mvn -B clean
2022-02-21 19:05:36,876 [Worker-21: Building] INFO  o.e.m.c.i.embedder.EclipseLogger - Using 'UTF-8' encoding to copy filtered resources.
2022-02-21 19:05:36,880 [Worker-21: Building] INFO  o.e.m.c.i.embedder.EclipseLogger - Copying 2 resources
2022-02-21 19:05:36,890 [Worker-21: Building] INFO  o.e.m.c.i.embedder.EclipseLogger - Copying 33 resources
2022-02-21 19:05:36,943 [Worker-21: Building] INFO  o.e.m.c.i.embedder.EclipseLogger - Using 'UTF-8' encoding to copy filtered resources.
2022-02-21 19:05:36,944 [Worker-21: Building] INFO  o.e.m.c.i.embedder.EclipseLogger - skip non existing resourceDirectory C:\Users\Mobile Programming\Desktop\pallcorporationitv_backend\src\test\resources
2022-02-21 19:05:43,577 [Worker-4: Launching Executing install in C__Users_Mobile Programming_Desktop_pallcorporationitv_backend] INFO  o.e.m.i.launch.MavenLaunchDelegate - C:\Users\Mobile Programming\Desktop\pallcorporationitv_backend
2022-02-21 19:05:43,578 [Worker-4: Launching Executing install in C__Users_Mobile Programming_Desktop_pallcorporationitv_backend] INFO  o.e.m.i.launch.MavenLaunchDelegate -  mvn -B install
2022-02-21 19:05:52,236 [Worker-20: Building] INFO  o.e.m.c.i.embedder.EclipseLogger - Using 'UTF-8' encoding to copy filtered resources.
2022-02-21 19:05:52,238 [Worker-20: Building] INFO  o.e.m.c.i.embedder.EclipseLogger - Copying 2 resources
2022-02-21 19:05:52,243 [Worker-20: Building] INFO  o.e.m.c.i.embedder.EclipseLogger - Copying 33 resources
2022-02-21 19:05:52,247 [Worker-20: Building] INFO  o.e.m.c.i.embedder.EclipseLogger - Using 'UTF-8' encoding to copy filtered resources.
2022-02-21 19:05:52,247 [Worker-20: Building] INFO  o.e.m.c.i.embedder.EclipseLogger - skip non existing resourceDirectory C:\Users\Mobile Programming\Desktop\pallcorporationitv_backend\src\test\resources
2022-02-21 19:07:08,813 [Worker-4: Launching Executing install in C__Users_Mobile Programming_Desktop_pallcorporationitv_backend] INFO  o.e.m.i.launch.MavenLaunchDelegate - C:\Users\Mobile Programming\Desktop\pallcorporationitv_backend
2022-02-21 19:07:08,813 [Worker-4: Launching Executing install in C__Users_Mobile Programming_Desktop_pallcorporationitv_backend] INFO  o.e.m.i.launch.MavenLaunchDelegate -  mvn -B install
2022-02-21 19:07:11,260 [Worker-22: Building] INFO  o.e.m.c.i.embedder.EclipseLogger - Using 'UTF-8' encoding to copy filtered resources.
2022-02-21 19:07:11,262 [Worker-22: Building] INFO  o.e.m.c.i.embedder.EclipseLogger - Copying 2 resources
2022-02-21 19:07:11,267 [Worker-22: Building] INFO  o.e.m.c.i.embedder.EclipseLogger - Copying 33 resources
2022-02-21 19:07:11,270 [Worker-22: Building] INFO  o.e.m.c.i.embedder.EclipseLogger - Using 'UTF-8' encoding to copy filtered resources.
2022-02-21 19:07:11,270 [Worker-22: Building] INFO  o.e.m.c.i.embedder.EclipseLogger - skip non existing resourceDirectory C:\Users\Mobile Programming\Desktop\pallcorporationitv_backend\src\test\resources
2022-02-21 19:10:19,860 [Worker-22: Updating Maven Project] INFO  o.e.m.c.i.p.ProjectConfigurationManager - Update started
2022-02-21 19:10:20,163 [Worker-22: Updating Maven Project] INFO  o.e.m.c.i.l.LifecycleMappingFactory - Using org.eclipse.m2e.jdt.JarLifecycleMapping lifecycle mapping for MavenProject: com.pall.sizing.itv:pall-sizing-itv:0.0.1-SNAPSHOT @ C:\Users\Mobile Programming\Desktop\pallcorporationitv_backend\pom.xml.
2022-02-21 19:10:21,864 [Worker-22: Updating Maven Project] INFO  o.e.m.c.i.e.AbstractTransferListenerAdapter - Downloaded https://repo.maven.apache.org/maven2/com/pall/pas/pas-client/1.0.2/pas-client-1.0.2.pom
2022-02-21 19:10:21,866 [Worker-22: Updating Maven Project] WARN  o.e.m.c.i.embedder.EclipseLogger - The POM for com.pall.pas:pas-client:jar:1.0.2 is missing, no dependency information available
2022-02-21 19:10:22,119 [Worker-22: Updating Maven Project] INFO  o.e.m.j.i.AbstractJavaProjectConfigurator - Adding source folder /pall-sizing-itv/src/main/java
2022-02-21 19:10:22,120 [Worker-22: Updating Maven Project] INFO  o.e.m.j.i.AbstractJavaProjectConfigurator - Adding resource folder /pall-sizing-itv/src/main/resources
2022-02-21 19:10:22,120 [Worker-22: Updating Maven Project] INFO  o.e.m.j.i.AbstractJavaProjectConfigurator - Adding resource folder /pall-sizing-itv/src/main/resources
2022-02-21 19:10:22,120 [Worker-22: Updating Maven Project] INFO  o.e.m.j.i.AbstractJavaProjectConfigurator - Adding source folder /pall-sizing-itv/src/test/java
2022-02-21 19:10:22,352 [Worker-22: Updating Maven Project] INFO  o.e.m.c.i.p.ProjectConfigurationManager - Update completed: 2 sec
2022-02-21 19:10:23,314 [Worker-24: Building] WARN  o.e.m.c.i.embedder.EclipseLogger - The POM for com.pall.pas:pas-client:jar:1.0.2 is missing, no dependency information available
2022-02-21 19:10:23,379 [Worker-24: Building] INFO  o.e.m.c.i.embedder.EclipseLogger - Using 'UTF-8' encoding to copy filtered resources.
2022-02-21 19:10:23,379 [Worker-24: Building] INFO  o.e.m.c.i.embedder.EclipseLogger - Copying 2 resources
2022-02-21 19:10:23,390 [Worker-24: Building] INFO  o.e.m.c.i.embedder.EclipseLogger - Copying 33 resources
2022-02-21 19:10:23,434 [Worker-24: Building] INFO  o.e.m.c.i.embedder.EclipseLogger - Using 'UTF-8' encoding to copy filtered resources.
2022-02-21 19:10:23,434 [Worker-24: Building] INFO  o.e.m.c.i.embedder.EclipseLogger - skip non existing resourceDirectory C:\Users\Mobile Programming\Desktop\pallcorporationitv_backend\src\test\resources
2022-02-21 19:10:41,181 [Worker-24: Launching Executing clean in C__Users_Mobile Programming_Desktop_pallcorporationitv_backend] INFO  o.e.m.i.launch.MavenLaunchDelegate - C:\Users\Mobile Programming\Desktop\pallcorporationitv_backend
2022-02-21 19:10:41,181 [Worker-24: Launching Executing clean in C__Users_Mobile Programming_Desktop_pallcorporationitv_backend] INFO  o.e.m.i.launch.MavenLaunchDelegate -  mvn -B clean
2022-02-21 19:10:42,527 [Worker-24: Building] INFO  o.e.m.c.i.embedder.EclipseLogger - Using 'UTF-8' encoding to copy filtered resources.
2022-02-21 19:10:42,529 [Worker-24: Building] INFO  o.e.m.c.i.embedder.EclipseLogger - Copying 2 resources
2022-02-21 19:10:42,534 [Worker-24: Building] INFO  o.e.m.c.i.embedder.EclipseLogger - Copying 33 resources
2022-02-21 19:10:42,574 [Worker-24: Building] INFO  o.e.m.c.i.embedder.EclipseLogger - Using 'UTF-8' encoding to copy filtered resources.
2022-02-21 19:10:42,574 [Worker-24: Building] INFO  o.e.m.c.i.embedder.EclipseLogger - skip non existing resourceDirectory C:\Users\Mobile Programming\Desktop\pallcorporationitv_backend\src\test\resources
2022-02-21 19:10:48,068 [Worker-27: Launching Executing install in C__Users_Mobile Programming_Desktop_pallcorporationitv_backend] INFO  o.e.m.i.launch.MavenLaunchDelegate - C:\Users\Mobile Programming\Desktop\pallcorporationitv_backend
2022-02-21 19:10:48,068 [Worker-27: Launching Executing install in C__Users_Mobile Programming_Desktop_pallcorporationitv_backend] INFO  o.e.m.i.launch.MavenLaunchDelegate -  mvn -B install
2022-02-21 19:10:53,117 [Worker-27: Building] INFO  o.e.m.c.i.embedder.EclipseLogger - Using 'UTF-8' encoding to copy filtered resources.
2022-02-21 19:10:53,118 [Worker-27: Building] INFO  o.e.m.c.i.embedder.EclipseLogger - Copying 2 resources
2022-02-21 19:10:53,122 [Worker-27: Building] INFO  o.e.m.c.i.embedder.EclipseLogger - Copying 33 resources
2022-02-21 19:10:53,124 [Worker-27: Building] INFO  o.e.m.c.i.embedder.EclipseLogger - Using 'UTF-8' encoding to copy filtered resources.
2022-02-21 19:10:53,124 [Worker-27: Building] INFO  o.e.m.c.i.embedder.EclipseLogger - skip non existing resourceDirectory C:\Users\Mobile Programming\Desktop\pallcorporationitv_backend\src\test\resources
2022-02-21 19:49:44,783 [Worker-3: Loading available Gradle versions] INFO  o.e.b.c.i.u.g.PublishedGradleVersions - Gradle version information cache is up-to-date. Trying to read.
2022-02-21 19:49:48,308 [Worker-4: Building] WARN  o.e.m.c.i.embedder.EclipseLogger - The POM for com.pall.pas:pas-client:jar:1.0.2 is missing, no dependency information available
2022-02-21 19:49:48,557 [Worker-4: Building] INFO  o.e.m.c.i.embedder.EclipseLogger - Using 'UTF-8' encoding to copy filtered resources.
2022-02-21 19:49:48,562 [Worker-4: Building] INFO  o.e.m.c.i.embedder.EclipseLogger - Copying 2 resources
2022-02-21 19:49:48,580 [Worker-4: Building] INFO  o.e.m.c.i.embedder.EclipseLogger - Copying 33 resources
2022-02-21 19:49:48,584 [Worker-4: Building] INFO  o.e.m.c.i.embedder.EclipseLogger - Using 'UTF-8' encoding to copy filtered resources.
2022-02-21 19:49:48,585 [Worker-4: Building] INFO  o.e.m.c.i.embedder.EclipseLogger - skip non existing resourceDirectory C:\Users\Mobile Programming\Desktop\pallcorporationitv_backend\src\test\resources
2022-02-21 19:51:38,283 [Worker-3: Building] INFO  o.e.m.c.i.embedder.EclipseLogger - Using 'UTF-8' encoding to copy filtered resources.
2022-02-21 19:51:38,290 [Worker-3: Building] INFO  o.e.m.c.i.embedder.EclipseLogger - Copying 2 resources
2022-02-21 19:51:38,296 [Worker-3: Building] INFO  o.e.m.c.i.embedder.EclipseLogger - Copying 33 resources
2022-02-21 19:51:38,344 [Worker-3: Building] INFO  o.e.m.c.i.embedder.EclipseLogger - Using 'UTF-8' encoding to copy filtered resources.
2022-02-21 19:51:38,344 [Worker-3: Building] INFO  o.e.m.c.i.embedder.EclipseLogger - skip non existing resourceDirectory C:\Users\Mobile Programming\Desktop\pallcorporationitv_backend\src\test\resources
2022-02-21 19:51:46,374 [Worker-10: Building] INFO  o.e.m.c.i.embedder.EclipseLogger - Using 'UTF-8' encoding to copy filtered resources.
2022-02-21 19:51:46,376 [Worker-10: Building] INFO  o.e.m.c.i.embedder.EclipseLogger - Copying 2 resources
2022-02-21 19:51:46,382 [Worker-10: Building] INFO  o.e.m.c.i.embedder.EclipseLogger - Copying 33 resources
2022-02-21 19:51:46,428 [Worker-10: Building] INFO  o.e.m.c.i.embedder.EclipseLogger - Using 'UTF-8' encoding to copy filtered resources.
2022-02-21 19:51:46,428 [Worker-10: Building] INFO  o.e.m.c.i.embedder.EclipseLogger - skip non existing resourceDirectory C:\Users\Mobile Programming\Desktop\pallcorporationitv_backend\src\test\resources
2022-02-21 19:51:56,185 [Worker-0: Launching Executing clean in C__Users_Mobile Programming_Desktop_pallcorporationitv_backend] INFO  o.e.m.i.launch.MavenLaunchDelegate - C:\Users\Mobile Programming\Desktop\pallcorporationitv_backend
2022-02-21 19:51:56,186 [Worker-0: Launching Executing clean in C__Users_Mobile Programming_Desktop_pallcorporationitv_backend] INFO  o.e.m.i.launch.MavenLaunchDelegate -  mvn -B clean
2022-02-21 19:51:57,978 [Worker-19: Building] INFO  o.e.m.c.i.embedder.EclipseLogger - Using 'UTF-8' encoding to copy filtered resources.
2022-02-21 19:51:57,981 [Worker-19: Building] INFO  o.e.m.c.i.embedder.EclipseLogger - Copying 2 resources
2022-02-21 19:51:57,986 [Worker-19: Building] INFO  o.e.m.c.i.embedder.EclipseLogger - Copying 33 resources
2022-02-21 19:51:58,027 [Worker-19: Building] INFO  o.e.m.c.i.embedder.EclipseLogger - Using 'UTF-8' encoding to copy filtered resources.
2022-02-21 19:51:58,027 [Worker-19: Building] INFO  o.e.m.c.i.embedder.EclipseLogger - skip non existing resourceDirectory C:\Users\Mobile Programming\Desktop\pallcorporationitv_backend\src\test\resources
2022-02-21 19:52:08,511 [Worker-10: Launching Executing install in C__Users_Mobile Programming_Desktop_pallcorporationitv_backend] INFO  o.e.m.i.launch.MavenLaunchDelegate - C:\Users\Mobile Programming\Desktop\pallcorporationitv_backend
2022-02-21 19:52:08,511 [Worker-10: Launching Executing install in C__Users_Mobile Programming_Desktop_pallcorporationitv_backend] INFO  o.e.m.i.launch.MavenLaunchDelegate -  mvn -B install
2022-02-21 19:52:15,419 [Worker-7: Building] INFO  o.e.m.c.i.embedder.EclipseLogger - Using 'UTF-8' encoding to copy filtered resources.
2022-02-21 19:52:15,421 [Worker-7: Building] INFO  o.e.m.c.i.embedder.EclipseLogger - Copying 2 resources
2022-02-21 19:52:15,424 [Worker-7: Building] INFO  o.e.m.c.i.embedder.EclipseLogger - Copying 33 resources
2022-02-21 19:52:15,427 [Worker-7: Building] INFO  o.e.m.c.i.embedder.EclipseLogger - Using 'UTF-8' encoding to copy filtered resources.
2022-02-21 19:52:15,427 [Worker-7: Building] INFO  o.e.m.c.i.embedder.EclipseLogger - skip non existing resourceDirectory C:\Users\Mobile Programming\Desktop\pallcorporationitv_backend\src\test\resources
2022-02-24 14:38:08,447 [Worker-6: Loading available Gradle versions] INFO  o.e.b.c.i.u.g.PublishedGradleVersions - Gradle version information cache is out-of-date. Trying to update.
2022-02-24 14:38:19,947 [Worker-4: Building] WARN  o.e.m.c.i.embedder.EclipseLogger - The POM for com.pall.pas:pas-client:jar:1.0.2 is missing, no dependency information available
2022-02-24 14:38:21,951 [Worker-4: Building] INFO  o.e.m.c.i.embedder.EclipseLogger - Using 'UTF-8' encoding to copy filtered resources.
2022-02-24 14:38:21,958 [Worker-4: Building] INFO  o.e.m.c.i.embedder.EclipseLogger - Copying 2 resources
2022-02-24 14:38:22,040 [Worker-4: Building] INFO  o.e.m.c.i.embedder.EclipseLogger - Copying 33 resources
2022-02-24 14:38:22,371 [Worker-4: Building] INFO  o.e.m.c.i.embedder.EclipseLogger - Using 'UTF-8' encoding to copy filtered resources.
2022-02-24 14:38:22,372 [Worker-4: Building] INFO  o.e.m.c.i.embedder.EclipseLogger - skip non existing resourceDirectory C:\Users\Mobile Programming\Desktop\pallcorporationitv_backend\src\test\resources
2022-02-24 14:44:49,666 [Worker-14: Loading available Gradle versions] INFO  o.e.b.c.i.u.g.PublishedGradleVersions - Gradle version information cache is up-to-date. Trying to read.
